2017-04-25T01:55:56.435-0400 [initandlisten] MongoDB starting : pid=6427 port=27018 dbpath=/home/matrim/Work/learnAgile/Server/./data/db 64-bit host=matrim-GA-78LMT-USB3
2017-04-25T01:55:56.435-0400 [initandlisten] db version v2.6.10
2017-04-25T01:55:56.435-0400 [initandlisten] git version: nogitversion
2017-04-25T01:55:56.435-0400 [initandlisten] OpenSSL version: OpenSSL 1.0.2g  1 Mar 2016
2017-04-25T01:55:56.435-0400 [initandlisten] build info: Linux lgw01-12 3.19.0-25-generic #26~14.04.1-Ubuntu SMP Fri Jul 24 21:16:20 UTC 2015 x86_64 BOOST_LIB_VERSION=1_58
2017-04-25T01:55:56.435-0400 [initandlisten] allocator: tcmalloc
2017-04-25T01:55:56.435-0400 [initandlisten] options: { net: { port: 27018 }, processManagement: { fork: true }, storage: { dbPath: "./data/db", smallFiles: true }, systemLog: { destination: "file", path: "./log/mongod.log" } }
2017-04-25T01:55:56.478-0400 [initandlisten] journal dir=/home/matrim/Work/learnAgile/Server/./data/db/journal
2017-04-25T01:55:56.478-0400 [initandlisten] recover : no journal files present, no recovery needed
2017-04-25T01:55:56.545-0400 [initandlisten] waiting for connections on port 27018
2017-04-25T01:56:56.546-0400 [clientcursormon] mem (MB) res:51 virt:443
2017-04-25T01:56:56.546-0400 [clientcursormon]  mapped (incl journal view):224
2017-04-25T01:56:56.546-0400 [clientcursormon]  connections:0
2017-04-25T01:56:57.804-0400 [initandlisten] connection accepted from 127.0.0.1:44724 #1 (1 connection now open)
2017-04-25T01:56:57.825-0400 [initandlisten] connection accepted from 127.0.0.1:44726 #2 (2 connections now open)
2017-04-25T01:56:58.638-0400 [conn2] end connection 127.0.0.1:44726 (1 connection now open)
2017-04-25T01:56:58.638-0400 [conn1] end connection 127.0.0.1:44724 (1 connection now open)
2017-04-25T01:57:05.831-0400 [signalProcessingThread] got signal 15 (Terminated), will terminate after current cmd ends
2017-04-25T01:57:05.831-0400 [signalProcessingThread] now exiting
2017-04-25T01:57:05.831-0400 [signalProcessingThread] dbexit: 
2017-04-25T01:57:05.831-0400 [signalProcessingThread] shutdown: going to close listening sockets...
2017-04-25T01:57:05.831-0400 [signalProcessingThread] closing listening socket: 8
2017-04-25T01:57:05.831-0400 [signalProcessingThread] closing listening socket: 9
2017-04-25T01:57:05.831-0400 [signalProcessingThread] removing socket file: /tmp/mongodb-27018.sock
2017-04-25T01:57:05.831-0400 [signalProcessingThread] shutdown: going to flush diaglog...
2017-04-25T01:57:05.831-0400 [signalProcessingThread] shutdown: going to close sockets...
2017-04-25T01:57:05.832-0400 [signalProcessingThread] shutdown: waiting for fs preallocator...
2017-04-25T01:57:05.832-0400 [signalProcessingThread] shutdown: lock for final commit...
2017-04-25T01:57:05.832-0400 [signalProcessingThread] shutdown: final commit...
2017-04-25T01:57:05.832-0400 [signalProcessingThread] shutdown: closing all files...
2017-04-25T01:57:05.834-0400 [signalProcessingThread] closeAllFiles() finished
2017-04-25T01:57:05.834-0400 [signalProcessingThread] journalCleanup...
2017-04-25T01:57:05.834-0400 [signalProcessingThread] removeJournalFiles
2017-04-25T01:57:05.879-0400 [signalProcessingThread] shutdown: removing fs lock...
2017-04-25T01:57:05.880-0400 [signalProcessingThread] dbexit: really exiting now
