Server started. Listening at *:3000
Logging In User
Successfully Logged in User, matt
User Logged Out
Logging In User
Successfully Logged in User, matt
course_overview_report
userid_to_sid
course_overview_report
userid_to_sid
course_overview_report
userid_to_sid
course_overview_report
userid_to_sid
course_overview_report
userid_to_sid
course_overview_report
userid_to_sid
course_overview_report
userid_to_sid
course_overview_report
userid_to_sid
course_overview_report
userid_to_sid
course_overview_report
userid_to_sid
course_overview_report
userid_to_sid
course_overview_report
userid_to_sid
course_overview_report
userid_to_sid
course_overview_report
userid_to_sid
course_overview_report
userid_to_sid
course_overview_report
userid_to_sid
course_overview_report
course_overview_report
userid_to_sid
course_overview_report
userid_to_sid
course_overview_report
userid_to_sid
course_overview_report
userid_to_sid
course_overview_report
userid_to_sid
course_overview_report
userid_to_sid
course_overview_report
userid_to_sid
course_overview_report
userid_to_sid
course_overview_report
userid_to_sid
course_overview_report
course_overview_report
course_overview_report
userid_to_sid
course_overview_report
userid_to_sid
course_overview_report
userid_to_sid
course_overview_report
userid_to_sid
course_overview_report
course_overview_report
userid_to_sid
course_overview_report
userid_to_sid
course_overview_report
userid_to_sid
course_overview_report
userid_to_sid
course_overview_report
userid_to_sid
course_overview_report
course_overview_report
userid_to_sid
course_overview_report
userid_to_sid
course_overview_report
userid_to_sid
course_overview_report
userid_to_sid
course_overview_report
userid_to_sid
course_overview_report
userid_to_sid
course_overview_report
userid_to_sid
course_overview_report
userid_to_sid
course_overview_report
userid_to_sid
course_overview_report
course_overview_report
userid_to_sid
course_overview_report
userid_to_sid
course_overview_report
userid_to_sid
course_overview_report
userid_to_sid
course_overview_report
course_overview_report
userid_to_sid
course_overview_report
userid_to_sid
course_overview_report
course_overview_report
userid_to_sid
course_overview_report
userid_to_sid
course_overview_report
userid_to_sid
course_overview_report
userid_to_sid
course_overview_report
userid_to_sid
course_overview_report
userid_to_sid
course_overview_report
course_overview_report
userid_to_sid
course_overview_report
userid_to_sid
course_overview_report
userid_to_sid
course_overview_report
course_overview_report
course_overview_report
userid_to_sid
course_overview_report
userid_to_sid
course_overview_report
userid_to_sid
course_overview_report
userid_to_sid
course_overview_report
course_overview_report
userid_to_sid
course_overview_report
course_overview_report
course_overview_report
userid_to_sid
course_overview_report
userid_to_sid
course_overview_report
userid_to_sid
course_overview_report
userid_to_sid
course_overview_report
userid_to_sid
course_overview_report
userid_to_sid
course_overview_report
userid_to_sid
course_overview_report
userid_to_sid
course_overview_report
userid_to_sid
